<?xml version="1.0" encoding="UTF-8"?>
<!-- Generated by org.testng.reporters.JUnitXMLReporter -->
<testsuite ignored="0" hostname="LAPTOP-GOGQ83M7" failures="0" tests="6" name="Default test" time="2.199" errors="0" timestamp="2023-12-23T17:19:09 IST">
  <testcase classname="Medicare_API_Endpoints_RestAssured.API_endpoints" name="allproducts" time="1.605"/>
  <testcase classname="Medicare_API_Endpoints_RestAssured.API_endpoints" name="all_registered_users" time="0.023"/>
  <testcase classname="Medicare_API_Endpoints_RestAssured.API_endpoints" name="add_products" time="0.404"/>
  <testcase classname="Medicare_API_Endpoints_RestAssured.API_endpoints" name="update_products" time="0.028"/>
  <testcase classname="Medicare_API_Endpoints_RestAssured.API_endpoints" name="update_products_status" time="0.024"/>
  <testcase classname="Medicare_API_Endpoints_RestAssured.API_endpoints" name="delete_products" time="0.029"/>
</testsuite> <!-- Default test -->
